0 info it worked if it ends with ok
1 verbose cli [ 'node', '/usr/local/bin/npm', 'install', 'node-canvas' ]
2 info using npm@1.4.21
3 info using node@v0.10.30
4 warn package.json fs@0.0.2 fs is also the name of a node core module.
5 warn package.json fs@0.0.2 No description
6 warn package.json fs@0.0.2 No repository field.
7 warn package.json fs@0.0.2 No README data
8 verbose readDependencies using package.json deps
9 verbose cache add [ 'node-canvas', null ]
10 verbose cache add name=undefined spec="node-canvas" args=["node-canvas",null]
11 verbose parsed url { protocol: null,
11 verbose parsed url   slashes: null,
11 verbose parsed url   auth: null,
11 verbose parsed url   host: null,
11 verbose parsed url   port: null,
11 verbose parsed url   hostname: null,
11 verbose parsed url   hash: null,
11 verbose parsed url   search: null,
11 verbose parsed url   query: null,
11 verbose parsed url   pathname: 'node-canvas',
11 verbose parsed url   path: 'node-canvas',
11 verbose parsed url   href: 'node-canvas' }
12 silly lockFile f0ff104d-node-canvas node-canvas
13 verbose lock node-canvas /Users/brandonnutter/.npm/f0ff104d-node-canvas.lock
14 silly lockFile f0ff104d-node-canvas node-canvas
15 silly lockFile f0ff104d-node-canvas node-canvas
16 verbose addNamed [ 'node-canvas', '' ]
17 verbose addNamed [ null, '*' ]
18 silly lockFile 1e68016e-node-canvas node-canvas@
19 verbose lock node-canvas@ /Users/brandonnutter/.npm/1e68016e-node-canvas.lock
20 silly addNameRange { name: 'node-canvas', range: '*', hasData: false }
21 verbose request where is /node-canvas
22 verbose request registry https://registry.npmjs.org/
23 verbose request id e48b51b751d77a99
24 verbose url raw /node-canvas
25 verbose url resolving [ 'https://registry.npmjs.org/', './node-canvas' ]
26 verbose url resolved https://registry.npmjs.org/node-canvas
27 verbose request where is https://registry.npmjs.org/node-canvas
28 info trying registry request attempt 1 at 17:28:54
29 http GET https://registry.npmjs.org/node-canvas
30 http 404 https://registry.npmjs.org/node-canvas
31 verbose headers { date: 'Mon, 03 Nov 2014 01:28:51 GMT',
31 verbose headers   server: 'CouchDB/1.5.0 (Erlang OTP/R16B03)',
31 verbose headers   'content-type': 'application/json',
31 verbose headers   'cache-control': 'max-age=0',
31 verbose headers   'content-length': '52',
31 verbose headers   'accept-ranges': 'bytes',
31 verbose headers   via: '1.1 varnish',
31 verbose headers   age: '0',
31 verbose headers   'x-served-by': 'cache-sjc3129-SJC',
31 verbose headers   'x-cache': 'MISS',
31 verbose headers   'x-cache-hits': '0',
31 verbose headers   'x-timer': 'S1414978131.876265,VS0,VE37',
31 verbose headers   'keep-alive': 'timeout=10, max=50',
31 verbose headers   connection: 'Keep-Alive' }
32 silly registry.get cb [ 404,
32 silly registry.get   { date: 'Mon, 03 Nov 2014 01:28:51 GMT',
32 silly registry.get     server: 'CouchDB/1.5.0 (Erlang OTP/R16B03)',
32 silly registry.get     'content-type': 'application/json',
32 silly registry.get     'cache-control': 'max-age=0',
32 silly registry.get     'content-length': '52',
32 silly registry.get     'accept-ranges': 'bytes',
32 silly registry.get     via: '1.1 varnish',
32 silly registry.get     age: '0',
32 silly registry.get     'x-served-by': 'cache-sjc3129-SJC',
32 silly registry.get     'x-cache': 'MISS',
32 silly registry.get     'x-cache-hits': '0',
32 silly registry.get     'x-timer': 'S1414978131.876265,VS0,VE37',
32 silly registry.get     'keep-alive': 'timeout=10, max=50',
32 silly registry.get     connection: 'Keep-Alive' } ]
33 silly lockFile 1e68016e-node-canvas node-canvas@
34 silly lockFile 1e68016e-node-canvas node-canvas@
35 error 404 404 Not Found: node-canvas
35 error 404
35 error 404 'node-canvas' is not in the npm registry.
35 error 404 You should bug the author to publish it
35 error 404 It was specified as a dependency of 'wordcloud'
35 error 404
35 error 404 Maybe try 'npm search canvas'
35 error 404
35 error 404 Note that you can also install from a
35 error 404 tarball, folder, or http url, or git url.
36 error System Darwin 14.0.0
37 error command "node" "/usr/local/bin/npm" "install" "node-canvas"
38 error cwd /Users/brandonnutter/Development/threadbox/wordcloud/lib
39 error node -v v0.10.30
40 error npm -v 1.4.21
41 error code E404
42 verbose exit [ 1, true ]
